0 info it worked if it ends with ok
1 verbose cli [ '/home/sagar_cenation/.nvm/v0.10.46/bin/node',
1 verbose cli   '/home/sagar_cenation/.nvm/v0.10.46/bin/npm',
1 verbose cli   'install',
1 verbose cli   'materilize-tags' ]
2 info using npm@2.15.1
3 info using node@v0.10.46
4 verbose install initial load of /opt/lampp/htdocs/ThePerfectBlog/materialize/package.json
5 verbose readDependencies loading dependencies from /opt/lampp/htdocs/ThePerfectBlog/materialize/package.json
6 silly cache add args [ 'materilize-tags', null ]
7 verbose cache add spec materilize-tags
8 silly cache add parsed spec { raw: 'materilize-tags',
8 silly cache add   scope: null,
8 silly cache add   name: 'materilize-tags',
8 silly cache add   rawSpec: '',
8 silly cache add   spec: 'latest',
8 silly cache add   type: 'tag' }
9 silly addNamed materilize-tags@latest
10 verbose addNamed "latest" is being treated as a dist-tag for materilize-tags
11 info addNameTag [ 'materilize-tags', 'latest' ]
12 silly mapToRegistry name materilize-tags
13 silly mapToRegistry using default registry
14 silly mapToRegistry registry https://registry.npmjs.org/
15 silly mapToRegistry data { raw: 'materilize-tags',
15 silly mapToRegistry   scope: null,
15 silly mapToRegistry   name: 'materilize-tags',
15 silly mapToRegistry   rawSpec: '',
15 silly mapToRegistry   spec: 'latest',
15 silly mapToRegistry   type: 'tag' }
16 silly mapToRegistry uri https://registry.npmjs.org/materilize-tags
17 verbose addNameTag registry:https://registry.npmjs.org/materilize-tags not in flight; fetching
18 verbose request uri https://registry.npmjs.org/materilize-tags
19 verbose request no auth needed
20 info attempt registry request try #1 at 17:21:13
21 verbose request id 47befc2a2396db8e
22 http request GET https://registry.npmjs.org/materilize-tags
23 http 404 https://registry.npmjs.org/materilize-tags
24 verbose headers { 'content-type': 'application/json',
24 verbose headers   'cache-control': 'max-age=0',
24 verbose headers   'content-length': '2',
24 verbose headers   'accept-ranges': 'bytes',
24 verbose headers   date: 'Wed, 24 Aug 2016 11:51:21 GMT',
24 verbose headers   via: '1.1 varnish',
24 verbose headers   age: '0',
24 verbose headers   connection: 'keep-alive',
24 verbose headers   'x-served-by': 'cache-sin6926-SIN',
24 verbose headers   'x-cache': 'MISS',
24 verbose headers   'x-cache-hits': '0',
24 verbose headers   'x-timer': 'S1472039480.981326,VS0,VE259',
24 verbose headers   vary: 'Accept-Encoding' }
25 silly get cb [ 404,
25 silly get   { 'content-type': 'application/json',
25 silly get     'cache-control': 'max-age=0',
25 silly get     'content-length': '2',
25 silly get     'accept-ranges': 'bytes',
25 silly get     date: 'Wed, 24 Aug 2016 11:51:21 GMT',
25 silly get     via: '1.1 varnish',
25 silly get     age: '0',
25 silly get     connection: 'keep-alive',
25 silly get     'x-served-by': 'cache-sin6926-SIN',
25 silly get     'x-cache': 'MISS',
25 silly get     'x-cache-hits': '0',
25 silly get     'x-timer': 'S1472039480.981326,VS0,VE259',
25 silly get     vary: 'Accept-Encoding' } ]
26 verbose stack Error: Registry returned 404 for GET on https://registry.npmjs.org/materilize-tags
26 verbose stack     at makeError (/home/sagar_cenation/.nvm/v0.10.46/lib/node_modules/npm/node_modules/npm-registry-client/lib/request.js:264:12)
26 verbose stack     at CachingRegistryClient.<anonymous> (/home/sagar_cenation/.nvm/v0.10.46/lib/node_modules/npm/node_modules/npm-registry-client/lib/request.js:242:14)
26 verbose stack     at Request._callback (/home/sagar_cenation/.nvm/v0.10.46/lib/node_modules/npm/node_modules/npm-registry-client/lib/request.js:172:14)
26 verbose stack     at Request.self.callback (/home/sagar_cenation/.nvm/v0.10.46/lib/node_modules/npm/node_modules/request/request.js:199:22)
26 verbose stack     at Request.emit (events.js:98:17)
26 verbose stack     at Request.<anonymous> (/home/sagar_cenation/.nvm/v0.10.46/lib/node_modules/npm/node_modules/request/request.js:1036:10)
26 verbose stack     at Request.emit (events.js:117:20)
26 verbose stack     at IncomingMessage.<anonymous> (/home/sagar_cenation/.nvm/v0.10.46/lib/node_modules/npm/node_modules/request/request.js:963:12)
26 verbose stack     at IncomingMessage.emit (events.js:117:20)
26 verbose stack     at _stream_readable.js:944:16
27 verbose statusCode 404
28 verbose pkgid materilize-tags
29 verbose cwd /opt/lampp/htdocs/ThePerfectBlog/materialize
30 error Linux 4.4.0-34-generic
31 error argv "/home/sagar_cenation/.nvm/v0.10.46/bin/node" "/home/sagar_cenation/.nvm/v0.10.46/bin/npm" "install" "materilize-tags"
32 error node v0.10.46
33 error npm  v2.15.1
34 error code E404
35 error 404 Registry returned 404 for GET on https://registry.npmjs.org/materilize-tags
35 error 404
35 error 404 'materilize-tags' is not in the npm registry.
35 error 404 You should bug the author to publish it (or use the name yourself!)
35 error 404
35 error 404 Note that you can also install from a
35 error 404 tarball, folder, http url, or git url.
36 verbose exit [ 1, true ]
